[2024-04-22 07:57:50Z INFO HostContext] No proxy settings were found based on environmental variables (http_proxy/https_proxy/HTTP_PROXY/HTTPS_PROXY)
[2024-04-22 07:57:50Z INFO HostContext] Well known directory 'Bin': 'D:\python\Create_work_krs\actions-runner\bin'
[2024-04-22 07:57:50Z INFO HostContext] Well known directory 'Root': 'D:\python\Create_work_krs\actions-runner'
[2024-04-22 07:57:50Z INFO HostContext] Well known config file 'Credentials': 'D:\python\Create_work_krs\actions-runner\.credentials'
[2024-04-22 07:57:50Z INFO HostContext] Well known directory 'Bin': 'D:\python\Create_work_krs\actions-runner\bin'
[2024-04-22 07:57:50Z INFO HostContext] Well known directory 'Root': 'D:\python\Create_work_krs\actions-runner'
[2024-04-22 07:57:50Z INFO HostContext] Well known config file 'Runner': 'D:\python\Create_work_krs\actions-runner\.runner'
[2024-04-22 07:57:50Z INFO Listener] Runner is built for Windows (X64) - win-x64.
[2024-04-22 07:57:50Z INFO Listener] RuntimeInformation: Microsoft Windows 10.0.19045.
[2024-04-22 07:57:50Z INFO Listener] Version: 2.315.0
[2024-04-22 07:57:50Z INFO Listener] Commit: 86858e39e42e25e23332fea3ef7d459ff10f30f7
[2024-04-22 07:57:50Z INFO Listener] Culture: ru-RU
[2024-04-22 07:57:50Z INFO Listener] UI Culture: ru-RU
[2024-04-22 07:57:50Z INFO HostContext] Well known directory 'Bin': 'D:\python\Create_work_krs\actions-runner\bin'
[2024-04-22 07:57:50Z INFO HostContext] Well known directory 'Root': 'D:\python\Create_work_krs\actions-runner'
[2024-04-22 07:57:50Z INFO Listener] Validating directory permissions for: 'D:\python\Create_work_krs\actions-runner'
[2024-04-22 07:57:50Z INFO CommandLineParser] Parse
[2024-04-22 07:57:50Z INFO CommandLineParser] Parsing 5 args
[2024-04-22 07:57:50Z INFO CommandLineParser] parsing argument
[2024-04-22 07:57:50Z INFO CommandLineParser] HasArgs: False
[2024-04-22 07:57:50Z INFO CommandLineParser] Adding Command: configure
[2024-04-22 07:57:50Z INFO CommandLineParser] parsing argument
[2024-04-22 07:57:50Z INFO CommandLineParser] HasArgs: True
[2024-04-22 07:57:50Z INFO CommandLineParser] arg: url
[2024-04-22 07:57:50Z INFO CommandLineParser] parsing argument
[2024-04-22 07:57:50Z INFO CommandLineParser] HasArgs: True
[2024-04-22 07:57:50Z INFO CommandLineParser] Adding option 'url': 'https://github.com/Ilmir112/Create_work_krs'
[2024-04-22 07:57:50Z INFO CommandLineParser] parsing argument
[2024-04-22 07:57:50Z INFO CommandLineParser] HasArgs: True
[2024-04-22 07:57:50Z INFO CommandLineParser] arg: token
[2024-04-22 07:57:50Z INFO CommandLineParser] parsing argument
[2024-04-22 07:57:50Z INFO CommandLineParser] HasArgs: True
[2024-04-22 07:57:50Z INFO CommandLineParser] Adding option 'token': '***'
[2024-04-22 07:57:50Z INFO Listener] Arguments parsed
[2024-04-22 07:57:50Z INFO Runner] ExecuteCommand
[2024-04-22 07:57:50Z INFO ConfigurationStore] currentAssemblyLocation: D:\python\Create_work_krs\actions-runner\bin\Runner.Listener.dll
[2024-04-22 07:57:50Z INFO HostContext] Well known directory 'Bin': 'D:\python\Create_work_krs\actions-runner\bin'
[2024-04-22 07:57:50Z INFO ConfigurationStore] binPath: D:\python\Create_work_krs\actions-runner\bin
[2024-04-22 07:57:50Z INFO HostContext] Well known directory 'Bin': 'D:\python\Create_work_krs\actions-runner\bin'
[2024-04-22 07:57:50Z INFO HostContext] Well known directory 'Root': 'D:\python\Create_work_krs\actions-runner'
[2024-04-22 07:57:50Z INFO ConfigurationStore] RootFolder: D:\python\Create_work_krs\actions-runner
[2024-04-22 07:57:50Z INFO HostContext] Well known directory 'Bin': 'D:\python\Create_work_krs\actions-runner\bin'
[2024-04-22 07:57:50Z INFO HostContext] Well known directory 'Root': 'D:\python\Create_work_krs\actions-runner'
[2024-04-22 07:57:50Z INFO HostContext] Well known config file 'Runner': 'D:\python\Create_work_krs\actions-runner\.runner'
[2024-04-22 07:57:50Z INFO ConfigurationStore] ConfigFilePath: D:\python\Create_work_krs\actions-runner\.runner
[2024-04-22 07:57:50Z INFO HostContext] Well known directory 'Bin': 'D:\python\Create_work_krs\actions-runner\bin'
[2024-04-22 07:57:50Z INFO HostContext] Well known directory 'Root': 'D:\python\Create_work_krs\actions-runner'
[2024-04-22 07:57:50Z INFO HostContext] Well known config file 'Credentials': 'D:\python\Create_work_krs\actions-runner\.credentials'
[2024-04-22 07:57:50Z INFO ConfigurationStore] CredFilePath: D:\python\Create_work_krs\actions-runner\.credentials
[2024-04-22 07:57:50Z INFO HostContext] Well known directory 'Bin': 'D:\python\Create_work_krs\actions-runner\bin'
[2024-04-22 07:57:50Z INFO HostContext] Well known directory 'Root': 'D:\python\Create_work_krs\actions-runner'
[2024-04-22 07:57:50Z INFO HostContext] Well known config file 'MigratedCredentials': 'D:\python\Create_work_krs\actions-runner\.credentials_migrated'
[2024-04-22 07:57:50Z INFO ConfigurationStore] MigratedCredFilePath: D:\python\Create_work_krs\actions-runner\.credentials_migrated
[2024-04-22 07:57:50Z INFO HostContext] Well known directory 'Bin': 'D:\python\Create_work_krs\actions-runner\bin'
[2024-04-22 07:57:50Z INFO HostContext] Well known directory 'Root': 'D:\python\Create_work_krs\actions-runner'
[2024-04-22 07:57:50Z INFO HostContext] Well known config file 'Service': 'D:\python\Create_work_krs\actions-runner\.service'
[2024-04-22 07:57:50Z INFO ConfigurationStore] ServiceConfigFilePath: D:\python\Create_work_krs\actions-runner\.service
[2024-04-22 07:57:50Z INFO CommandSettings] Flag 'help': 'False'
[2024-04-22 07:57:50Z INFO CommandSettings] Flag 'version': 'False'
[2024-04-22 07:57:50Z INFO CommandSettings] Flag 'commit': 'False'
[2024-04-22 07:57:50Z INFO CommandSettings] Flag 'check': 'False'
[2024-04-22 07:57:50Z INFO CommandSettings] Command 'configure': 'True'
[2024-04-22 07:57:50Z INFO Terminal] WRITE LINE: 
[2024-04-22 07:57:50Z INFO Terminal] WRITE LINE: --------------------------------------------------------------------------------
[2024-04-22 07:57:50Z INFO Terminal] WRITE LINE: |        ____ _ _   _   _       _          _        _   _                      |
[2024-04-22 07:57:50Z INFO Terminal] WRITE LINE: |       / ___(_) |_| | | |_   _| |__      / \   ___| |_(_) ___  _ __  ___      |
[2024-04-22 07:57:50Z INFO Terminal] WRITE LINE: |      | |  _| | __| |_| | | | | '_ \    / _ \ / __| __| |/ _ \| '_ \/ __|     |
[2024-04-22 07:57:50Z INFO Terminal] WRITE LINE: |      | |_| | | |_|  _  | |_| | |_) |  / ___ \ (__| |_| | (_) | | | \__ \     |
[2024-04-22 07:57:50Z INFO Terminal] WRITE LINE: |       \____|_|\__|_| |_|\__,_|_.__/  /_/   \_\___|\__|_|\___/|_| |_|___/     |
[2024-04-22 07:57:50Z INFO Terminal] WRITE LINE: |                                                                              |
[2024-04-22 07:57:50Z INFO Terminal] WRITE: |                       
[2024-04-22 07:57:50Z INFO Terminal] WRITE: Self-hosted runner registration
[2024-04-22 07:57:50Z INFO Terminal] WRITE LINE:                         |
[2024-04-22 07:57:50Z INFO Terminal] WRITE LINE: |                                                                              |
[2024-04-22 07:57:50Z INFO Terminal] WRITE LINE: --------------------------------------------------------------------------------
[2024-04-22 07:57:50Z INFO ConfigurationManager] ConfigureAsync
[2024-04-22 07:57:50Z INFO CommandSettings] Flag 'generateServiceConfig': 'False'
[2024-04-22 07:57:50Z INFO ConfigurationStore] IsConfigured()
[2024-04-22 07:57:50Z INFO ConfigurationStore] IsConfigured: False
[2024-04-22 07:57:50Z INFO ConfigurationManager] Is configured: False
[2024-04-22 07:57:50Z INFO CommandSettings] Arg 'url': 'https://github.com/Ilmir112/Create_work_krs'
[2024-04-22 07:57:50Z INFO CommandSettings] Remove url from Arg dictionary.
[2024-04-22 07:57:50Z INFO CommandSettings] Arg 'token': '***'
[2024-04-22 07:57:50Z INFO CommandSettings] Remove token from Arg dictionary.
[2024-04-22 07:58:12Z ERR  ConfigurationManager] Failed to get tenant credentials -- Attempt: 1
[2024-04-22 07:58:12Z ERR  ConfigurationManager] System.Net.Http.HttpRequestException: Попытка установить соединение была безуспешной, т.к. от другого компьютера за требуемое время не получен нужный отклик, или было разорвано уже установленное соединение из-за неверного отклика уже подключенного компьютера. (api.github.com:443)
 ---> System.Net.Sockets.SocketException (10060): Попытка установить соединение была безуспешной, т.к. от другого компьютера за требуемое время не получен нужный отклик, или было разорвано уже установленное соединение из-за неверного отклика уже подключенного компьютера.
   at System.Net.Sockets.Socket.AwaitableSocketAsyncEventArgs.ThrowException(SocketError error, CancellationToken cancellationToken)
   at System.Net.Sockets.Socket.AwaitableSocketAsyncEventArgs.System.Threading.Tasks.Sources.IValueTaskSource.GetResult(Int16 token)
   at System.Net.Sockets.Socket.<ConnectAsync>g__WaitForConnectWithCancellation|277_0(AwaitableSocketAsyncEventArgs saea, ValueTask connectTask, CancellationToken cancellationToken)
   at System.Net.Http.HttpConnectionPool.ConnectToTcpHostAsync(String host, Int32 port, HttpRequestMessage initialRequest, Boolean async, CancellationToken cancellationToken)
   --- End of inner exception stack trace ---
   at System.Net.Http.HttpConnectionPool.ConnectToTcpHostAsync(String host, Int32 port, HttpRequestMessage initialRequest, Boolean async, CancellationToken cancellationToken)
   at System.Net.Http.HttpConnectionPool.ConnectAsync(HttpRequestMessage request, Boolean async, CancellationToken cancellationToken)
   at System.Net.Http.HttpConnectionPool.CreateHttp11ConnectionAsync(HttpRequestMessage request, Boolean async, CancellationToken cancellationToken)
   at System.Net.Http.HttpConnectionPool.AddHttp11ConnectionAsync(HttpRequestMessage request)
   at System.Threading.Tasks.TaskCompletionSourceWithCancellation`1.WaitWithCancellationAsync(CancellationToken cancellationToken)
   at System.Net.Http.HttpConnectionPool.GetHttp11ConnectionAsync(HttpRequestMessage request, Boolean async, CancellationToken cancellationToken)
   at System.Net.Http.HttpConnectionPool.SendWithVersionDetectionAndRetryAsync(HttpRequestMessage request, Boolean async, Boolean doRequestAuth, CancellationToken cancellationToken)
   at System.Net.Http.RedirectHandler.SendAsync(HttpRequestMessage request, Boolean async, CancellationToken cancellationToken)
   at System.Net.Http.HttpClient.<SendAsync>g__Core|83_0(HttpRequestMessage request, HttpCompletionOption completionOption, CancellationTokenSource cts, Boolean disposeCts, CancellationTokenSource pendingRequestsCts, CancellationToken originalCancellationToken)
   at GitHub.Runner.Listener.Configuration.ConfigurationManager.GetTenantCredential(String githubUrl, String githubToken, String runnerEvent)
[2024-04-22 07:58:12Z ERR  ConfigurationManager] #####################################################
[2024-04-22 07:58:12Z ERR  ConfigurationManager] System.Net.Sockets.SocketException (10060): Попытка установить соединение была безуспешной, т.к. от другого компьютера за требуемое время не получен нужный отклик, или было разорвано уже установленное соединение из-за неверного отклика уже подключенного компьютера.
   at System.Net.Sockets.Socket.AwaitableSocketAsyncEventArgs.ThrowException(SocketError error, CancellationToken cancellationToken)
   at System.Net.Sockets.Socket.AwaitableSocketAsyncEventArgs.System.Threading.Tasks.Sources.IValueTaskSource.GetResult(Int16 token)
   at System.Net.Sockets.Socket.<ConnectAsync>g__WaitForConnectWithCancellation|277_0(AwaitableSocketAsyncEventArgs saea, ValueTask connectTask, CancellationToken cancellationToken)
   at System.Net.Http.HttpConnectionPool.ConnectToTcpHostAsync(String host, Int32 port, HttpRequestMessage initialRequest, Boolean async, CancellationToken cancellationToken)
[2024-04-22 07:58:12Z INFO ConfigurationManager] Retrying in 2 seconds
[2024-04-22 07:58:35Z ERR  ConfigurationManager] Failed to get tenant credentials -- Attempt: 2
[2024-04-22 07:58:35Z ERR  ConfigurationManager] System.Net.Http.HttpRequestException: Попытка установить соединение была безуспешной, т.к. от другого компьютера за требуемое время не получен нужный отклик, или было разорвано уже установленное соединение из-за неверного отклика уже подключенного компьютера. (api.github.com:443)
 ---> System.Net.Sockets.SocketException (10060): Попытка установить соединение была безуспешной, т.к. от другого компьютера за требуемое время не получен нужный отклик, или было разорвано уже установленное соединение из-за неверного отклика уже подключенного компьютера.
   at System.Net.Sockets.Socket.AwaitableSocketAsyncEventArgs.ThrowException(SocketError error, CancellationToken cancellationToken)
   at System.Net.Sockets.Socket.AwaitableSocketAsyncEventArgs.System.Threading.Tasks.Sources.IValueTaskSource.GetResult(Int16 token)
   at System.Net.Sockets.Socket.<ConnectAsync>g__WaitForConnectWithCancellation|277_0(AwaitableSocketAsyncEventArgs saea, ValueTask connectTask, CancellationToken cancellationToken)
   at System.Net.Http.HttpConnectionPool.ConnectToTcpHostAsync(String host, Int32 port, HttpRequestMessage initialRequest, Boolean async, CancellationToken cancellationToken)
   --- End of inner exception stack trace ---
   at System.Net.Http.HttpConnectionPool.ConnectToTcpHostAsync(String host, Int32 port, HttpRequestMessage initialRequest, Boolean async, CancellationToken cancellationToken)
   at System.Net.Http.HttpConnectionPool.ConnectAsync(HttpRequestMessage request, Boolean async, CancellationToken cancellationToken)
   at System.Net.Http.HttpConnectionPool.CreateHttp11ConnectionAsync(HttpRequestMessage request, Boolean async, CancellationToken cancellationToken)
   at System.Net.Http.HttpConnectionPool.AddHttp11ConnectionAsync(HttpRequestMessage request)
   at System.Threading.Tasks.TaskCompletionSourceWithCancellation`1.WaitWithCancellationAsync(CancellationToken cancellationToken)
   at System.Net.Http.HttpConnectionPool.GetHttp11ConnectionAsync(HttpRequestMessage request, Boolean async, CancellationToken cancellationToken)
   at System.Net.Http.HttpConnectionPool.SendWithVersionDetectionAndRetryAsync(HttpRequestMessage request, Boolean async, Boolean doRequestAuth, CancellationToken cancellationToken)
   at System.Net.Http.RedirectHandler.SendAsync(HttpRequestMessage request, Boolean async, CancellationToken cancellationToken)
   at System.Net.Http.HttpClient.<SendAsync>g__Core|83_0(HttpRequestMessage request, HttpCompletionOption completionOption, CancellationTokenSource cts, Boolean disposeCts, CancellationTokenSource pendingRequestsCts, CancellationToken originalCancellationToken)
   at GitHub.Runner.Listener.Configuration.ConfigurationManager.GetTenantCredential(String githubUrl, String githubToken, String runnerEvent)
[2024-04-22 07:58:35Z ERR  ConfigurationManager] #####################################################
[2024-04-22 07:58:35Z ERR  ConfigurationManager] System.Net.Sockets.SocketException (10060): Попытка установить соединение была безуспешной, т.к. от другого компьютера за требуемое время не получен нужный отклик, или было разорвано уже установленное соединение из-за неверного отклика уже подключенного компьютера.
   at System.Net.Sockets.Socket.AwaitableSocketAsyncEventArgs.ThrowException(SocketError error, CancellationToken cancellationToken)
   at System.Net.Sockets.Socket.AwaitableSocketAsyncEventArgs.System.Threading.Tasks.Sources.IValueTaskSource.GetResult(Int16 token)
   at System.Net.Sockets.Socket.<ConnectAsync>g__WaitForConnectWithCancellation|277_0(AwaitableSocketAsyncEventArgs saea, ValueTask connectTask, CancellationToken cancellationToken)
   at System.Net.Http.HttpConnectionPool.ConnectToTcpHostAsync(String host, Int32 port, HttpRequestMessage initialRequest, Boolean async, CancellationToken cancellationToken)
[2024-04-22 07:58:35Z INFO ConfigurationManager] Retrying in 4 seconds
[2024-04-22 07:59:00Z ERR  Runner] System.Net.Http.HttpRequestException: Попытка установить соединение была безуспешной, т.к. от другого компьютера за требуемое время не получен нужный отклик, или было разорвано уже установленное соединение из-за неверного отклика уже подключенного компьютера. (api.github.com:443)
 ---> System.Net.Sockets.SocketException (10060): Попытка установить соединение была безуспешной, т.к. от другого компьютера за требуемое время не получен нужный отклик, или было разорвано уже установленное соединение из-за неверного отклика уже подключенного компьютера.
   at System.Net.Sockets.Socket.AwaitableSocketAsyncEventArgs.ThrowException(SocketError error, CancellationToken cancellationToken)
   at System.Net.Sockets.Socket.AwaitableSocketAsyncEventArgs.System.Threading.Tasks.Sources.IValueTaskSource.GetResult(Int16 token)
   at System.Net.Sockets.Socket.<ConnectAsync>g__WaitForConnectWithCancellation|277_0(AwaitableSocketAsyncEventArgs saea, ValueTask connectTask, CancellationToken cancellationToken)
   at System.Net.Http.HttpConnectionPool.ConnectToTcpHostAsync(String host, Int32 port, HttpRequestMessage initialRequest, Boolean async, CancellationToken cancellationToken)
   --- End of inner exception stack trace ---
   at System.Net.Http.HttpConnectionPool.ConnectToTcpHostAsync(String host, Int32 port, HttpRequestMessage initialRequest, Boolean async, CancellationToken cancellationToken)
   at System.Net.Http.HttpConnectionPool.ConnectAsync(HttpRequestMessage request, Boolean async, CancellationToken cancellationToken)
   at System.Net.Http.HttpConnectionPool.CreateHttp11ConnectionAsync(HttpRequestMessage request, Boolean async, CancellationToken cancellationToken)
   at System.Net.Http.HttpConnectionPool.AddHttp11ConnectionAsync(HttpRequestMessage request)
   at System.Threading.Tasks.TaskCompletionSourceWithCancellation`1.WaitWithCancellationAsync(CancellationToken cancellationToken)
   at System.Net.Http.HttpConnectionPool.GetHttp11ConnectionAsync(HttpRequestMessage request, Boolean async, CancellationToken cancellationToken)
   at System.Net.Http.HttpConnectionPool.SendWithVersionDetectionAndRetryAsync(HttpRequestMessage request, Boolean async, Boolean doRequestAuth, CancellationToken cancellationToken)
   at System.Net.Http.RedirectHandler.SendAsync(HttpRequestMessage request, Boolean async, CancellationToken cancellationToken)
   at System.Net.Http.HttpClient.<SendAsync>g__Core|83_0(HttpRequestMessage request, HttpCompletionOption completionOption, CancellationTokenSource cts, Boolean disposeCts, CancellationTokenSource pendingRequestsCts, CancellationToken originalCancellationToken)
   at GitHub.Runner.Listener.Configuration.ConfigurationManager.GetTenantCredential(String githubUrl, String githubToken, String runnerEvent)
   at GitHub.Runner.Listener.Configuration.ConfigurationManager.ConfigureAsync(CommandSettings command)
   at GitHub.Runner.Listener.Runner.ExecuteCommand(CommandSettings command)
[2024-04-22 07:59:00Z ERR  Runner] #####################################################
[2024-04-22 07:59:00Z ERR  Runner] System.Net.Sockets.SocketException (10060): Попытка установить соединение была безуспешной, т.к. от другого компьютера за требуемое время не получен нужный отклик, или было разорвано уже установленное соединение из-за неверного отклика уже подключенного компьютера.
   at System.Net.Sockets.Socket.AwaitableSocketAsyncEventArgs.ThrowException(SocketError error, CancellationToken cancellationToken)
   at System.Net.Sockets.Socket.AwaitableSocketAsyncEventArgs.System.Threading.Tasks.Sources.IValueTaskSource.GetResult(Int16 token)
   at System.Net.Sockets.Socket.<ConnectAsync>g__WaitForConnectWithCancellation|277_0(AwaitableSocketAsyncEventArgs saea, ValueTask connectTask, CancellationToken cancellationToken)
   at System.Net.Http.HttpConnectionPool.ConnectToTcpHostAsync(String host, Int32 port, HttpRequestMessage initialRequest, Boolean async, CancellationToken cancellationToken)
[2024-04-22 07:59:00Z ERR  Terminal] WRITE ERROR: Попытка установить соединение была безуспешной, т.к. от другого компьютера за требуемое время не получен нужный отклик, или было разорвано уже установленное соединение из-за неверного отклика уже подключенного компьютера. (api.github.com:443)
[2024-04-22 07:59:00Z INFO Listener] Runner execution has finished with return code 1
