[2024-04-22 08:08:14Z INFO HostContext] No proxy settings were found based on environmental variables (http_proxy/https_proxy/HTTP_PROXY/HTTPS_PROXY)
[2024-04-22 08:08:14Z INFO HostContext] Well known directory 'Bin': 'D:\python\Create_work_krs\actions-runner\bin'
[2024-04-22 08:08:14Z INFO HostContext] Well known directory 'Root': 'D:\python\Create_work_krs\actions-runner'
[2024-04-22 08:08:14Z INFO HostContext] Well known config file 'Credentials': 'D:\python\Create_work_krs\actions-runner\.credentials'
[2024-04-22 08:08:14Z INFO HostContext] Well known directory 'Bin': 'D:\python\Create_work_krs\actions-runner\bin'
[2024-04-22 08:08:14Z INFO HostContext] Well known directory 'Root': 'D:\python\Create_work_krs\actions-runner'
[2024-04-22 08:08:14Z INFO HostContext] Well known config file 'Runner': 'D:\python\Create_work_krs\actions-runner\.runner'
[2024-04-22 08:08:14Z INFO Listener] Runner is built for Windows (X64) - win-x64.
[2024-04-22 08:08:14Z INFO Listener] RuntimeInformation: Microsoft Windows 10.0.19045.
[2024-04-22 08:08:14Z INFO Listener] Version: 2.315.0
[2024-04-22 08:08:14Z INFO Listener] Commit: 86858e39e42e25e23332fea3ef7d459ff10f30f7
[2024-04-22 08:08:14Z INFO Listener] Culture: ru-RU
[2024-04-22 08:08:14Z INFO Listener] UI Culture: ru-RU
[2024-04-22 08:08:14Z INFO HostContext] Well known directory 'Bin': 'D:\python\Create_work_krs\actions-runner\bin'
[2024-04-22 08:08:14Z INFO HostContext] Well known directory 'Root': 'D:\python\Create_work_krs\actions-runner'
[2024-04-22 08:08:14Z INFO Listener] Validating directory permissions for: 'D:\python\Create_work_krs\actions-runner'
[2024-04-22 08:08:14Z INFO CommandLineParser] Parse
[2024-04-22 08:08:14Z INFO CommandLineParser] Parsing 1 args
[2024-04-22 08:08:14Z INFO CommandLineParser] parsing argument
[2024-04-22 08:08:14Z INFO CommandLineParser] HasArgs: False
[2024-04-22 08:08:14Z INFO CommandLineParser] Adding Command: run
[2024-04-22 08:08:14Z INFO Listener] Arguments parsed
[2024-04-22 08:08:14Z INFO Runner] ExecuteCommand
[2024-04-22 08:08:14Z INFO ConfigurationStore] currentAssemblyLocation: D:\python\Create_work_krs\actions-runner\bin\Runner.Listener.dll
[2024-04-22 08:08:14Z INFO HostContext] Well known directory 'Bin': 'D:\python\Create_work_krs\actions-runner\bin'
[2024-04-22 08:08:14Z INFO ConfigurationStore] binPath: D:\python\Create_work_krs\actions-runner\bin
[2024-04-22 08:08:14Z INFO HostContext] Well known directory 'Bin': 'D:\python\Create_work_krs\actions-runner\bin'
[2024-04-22 08:08:14Z INFO HostContext] Well known directory 'Root': 'D:\python\Create_work_krs\actions-runner'
[2024-04-22 08:08:14Z INFO ConfigurationStore] RootFolder: D:\python\Create_work_krs\actions-runner
[2024-04-22 08:08:14Z INFO HostContext] Well known directory 'Bin': 'D:\python\Create_work_krs\actions-runner\bin'
[2024-04-22 08:08:14Z INFO HostContext] Well known directory 'Root': 'D:\python\Create_work_krs\actions-runner'
[2024-04-22 08:08:14Z INFO HostContext] Well known config file 'Runner': 'D:\python\Create_work_krs\actions-runner\.runner'
[2024-04-22 08:08:14Z INFO ConfigurationStore] ConfigFilePath: D:\python\Create_work_krs\actions-runner\.runner
[2024-04-22 08:08:14Z INFO HostContext] Well known directory 'Bin': 'D:\python\Create_work_krs\actions-runner\bin'
[2024-04-22 08:08:14Z INFO HostContext] Well known directory 'Root': 'D:\python\Create_work_krs\actions-runner'
[2024-04-22 08:08:14Z INFO HostContext] Well known config file 'Credentials': 'D:\python\Create_work_krs\actions-runner\.credentials'
[2024-04-22 08:08:14Z INFO ConfigurationStore] CredFilePath: D:\python\Create_work_krs\actions-runner\.credentials
[2024-04-22 08:08:14Z INFO HostContext] Well known directory 'Bin': 'D:\python\Create_work_krs\actions-runner\bin'
[2024-04-22 08:08:14Z INFO HostContext] Well known directory 'Root': 'D:\python\Create_work_krs\actions-runner'
[2024-04-22 08:08:14Z INFO HostContext] Well known config file 'MigratedCredentials': 'D:\python\Create_work_krs\actions-runner\.credentials_migrated'
[2024-04-22 08:08:14Z INFO ConfigurationStore] MigratedCredFilePath: D:\python\Create_work_krs\actions-runner\.credentials_migrated
[2024-04-22 08:08:14Z INFO HostContext] Well known directory 'Bin': 'D:\python\Create_work_krs\actions-runner\bin'
[2024-04-22 08:08:14Z INFO HostContext] Well known directory 'Root': 'D:\python\Create_work_krs\actions-runner'
[2024-04-22 08:08:14Z INFO HostContext] Well known config file 'Service': 'D:\python\Create_work_krs\actions-runner\.service'
[2024-04-22 08:08:14Z INFO ConfigurationStore] ServiceConfigFilePath: D:\python\Create_work_krs\actions-runner\.service
[2024-04-22 08:08:14Z INFO CommandSettings] Flag 'help': 'False'
[2024-04-22 08:08:14Z INFO CommandSettings] Flag 'version': 'False'
[2024-04-22 08:08:14Z INFO CommandSettings] Flag 'commit': 'False'
[2024-04-22 08:08:14Z INFO CommandSettings] Flag 'check': 'False'
[2024-04-22 08:08:14Z INFO CommandSettings] Command 'configure': 'False'
[2024-04-22 08:08:14Z INFO CommandSettings] Command 'remove': 'False'
[2024-04-22 08:08:14Z INFO CommandSettings] Command 'warmup': 'False'
[2024-04-22 08:08:14Z INFO ConfigurationManager] LoadSettings
[2024-04-22 08:08:14Z INFO ConfigurationStore] IsConfigured()
[2024-04-22 08:08:14Z INFO ConfigurationStore] IsConfigured: False
[2024-04-22 08:08:14Z INFO ConfigurationManager] Is configured: False
[2024-04-22 08:08:14Z ERR  Terminal] WRITE ERROR: An error occurred: Not configured. Run config.(sh/cmd) to configure the runner.
[2024-04-22 08:08:14Z ERR  Listener] GitHub.Runner.Common.NonRetryableException: Not configured. Run config.(sh/cmd) to configure the runner.
   at GitHub.Runner.Listener.Configuration.ConfigurationManager.LoadSettings()
   at GitHub.Runner.Listener.Runner.ExecuteCommand(CommandSettings command)
   at GitHub.Runner.Listener.Program.MainAsync(IHostContext context, String[] args)
